
> frontend@0.1.0 build
> next build

  ▲ Next.js 14.2.21
  - Environments: .env.local

   Creating an optimized production build ...
 ✓ Compiled successfully
   Skipping validation of types
   Skipping linting
   Collecting page data ...
   Generating static pages (0/14) ...
   Generating static pages (3/14) 
   Generating static pages (6/14) 
   Generating static pages (10/14) 
 ✓ Generating static pages (14/14)
   Finalizing page optimization ...
   Collecting build traces ...

Route (app)                              Size     First Load JS
┌ ƒ /                                    5.15 kB         158 kB
├ ƒ /_not-found                          139 B          87.5 kB
├ ƒ /ai-training                         4.7 kB          209 kB
├ ƒ /analytics                           8.34 kB         194 kB
├ ƒ /appointments                        744 B           144 kB
├ ƒ /business-setup                      9.28 kB         194 kB
├ ƒ /call-logs                           865 B           144 kB
├ ƒ /call-management                     7.99 kB         198 kB
├ ƒ /call-simulator                      16.1 kB         190 kB
├ ƒ /customers                           4.58 kB         197 kB
├ ƒ /integrations                        12.4 kB         205 kB
└ ƒ /settings                            3.94 kB         174 kB
+ First Load JS shared by all            87.3 kB
  ├ chunks/117-9b6692c8d9811238.js       31.8 kB
  ├ chunks/fd9d1056-0ca7524c1b5161c7.js  53.6 kB
  └ other shared chunks (total)          1.96 kB


ƒ  (Dynamic)  server-rendered on demand

